mode: count
github.com/able8/snippetbox/pkg/models/mysql/snippets.go:14.76,19.16 3 0
github.com/able8/snippetbox/pkg/models/mysql/snippets.go:22.2,23.16 2 0
github.com/able8/snippetbox/pkg/models/mysql/snippets.go:27.2,27.21 1 0
github.com/able8/snippetbox/pkg/models/mysql/snippets.go:19.16,21.3 1 0
github.com/able8/snippetbox/pkg/models/mysql/snippets.go:23.16,25.3 1 0
github.com/able8/snippetbox/pkg/models/mysql/snippets.go:30.61,37.16 5 0
github.com/able8/snippetbox/pkg/models/mysql/snippets.go:44.2,44.15 1 0
github.com/able8/snippetbox/pkg/models/mysql/snippets.go:37.16,38.36 1 0
github.com/able8/snippetbox/pkg/models/mysql/snippets.go:38.36,40.4 1 0
github.com/able8/snippetbox/pkg/models/mysql/snippets.go:40.9,42.4 1 0
github.com/able8/snippetbox/pkg/models/mysql/snippets.go:47.60,52.16 3 0
github.com/able8/snippetbox/pkg/models/mysql/snippets.go:55.2,58.18 3 0
github.com/able8/snippetbox/pkg/models/mysql/snippets.go:68.2,68.34 1 0
github.com/able8/snippetbox/pkg/models/mysql/snippets.go:72.2,72.22 1 0
github.com/able8/snippetbox/pkg/models/mysql/snippets.go:52.16,54.3 1 0
github.com/able8/snippetbox/pkg/models/mysql/snippets.go:58.18,61.17 3 0
github.com/able8/snippetbox/pkg/models/mysql/snippets.go:65.3,65.33 1 0
github.com/able8/snippetbox/pkg/models/mysql/snippets.go:61.17,63.4 1 0
github.com/able8/snippetbox/pkg/models/mysql/snippets.go:68.34,70.3 1 0
github.com/able8/snippetbox/pkg/models/mysql/users.go:18.64,21.16 2 0
github.com/able8/snippetbox/pkg/models/mysql/users.go:25.2,29.16 3 0
github.com/able8/snippetbox/pkg/models/mysql/users.go:38.2,38.12 1 0
github.com/able8/snippetbox/pkg/models/mysql/users.go:21.16,23.3 1 0
github.com/able8/snippetbox/pkg/models/mysql/users.go:29.16,31.34 2 0
github.com/able8/snippetbox/pkg/models/mysql/users.go:36.3,36.13 1 0
github.com/able8/snippetbox/pkg/models/mysql/users.go:31.34,32.91 1 0
github.com/able8/snippetbox/pkg/models/mysql/users.go:32.91,34.5 1 0
github.com/able8/snippetbox/pkg/models/mysql/users.go:42.71,48.16 6 0
github.com/able8/snippetbox/pkg/models/mysql/users.go:57.2,58.16 2 0
github.com/able8/snippetbox/pkg/models/mysql/users.go:67.2,67.16 1 0
github.com/able8/snippetbox/pkg/models/mysql/users.go:48.16,49.36 1 0
github.com/able8/snippetbox/pkg/models/mysql/users.go:49.36,51.4 1 0
github.com/able8/snippetbox/pkg/models/mysql/users.go:51.9,53.4 1 0
github.com/able8/snippetbox/pkg/models/mysql/users.go:58.16,59.58 1 0
github.com/able8/snippetbox/pkg/models/mysql/users.go:59.58,61.4 1 0
github.com/able8/snippetbox/pkg/models/mysql/users.go:61.9,63.4 1 0
github.com/able8/snippetbox/pkg/models/mysql/users.go:71.55,77.16 4 3
github.com/able8/snippetbox/pkg/models/mysql/users.go:85.2,85.15 1 1
github.com/able8/snippetbox/pkg/models/mysql/users.go:77.16,78.36 1 2
github.com/able8/snippetbox/pkg/models/mysql/users.go:78.36,80.4 1 2
github.com/able8/snippetbox/pkg/models/mysql/users.go:80.9,82.4 1 0
github.com/able8/snippetbox/cmd/web/routes.go:10.47,35.2 16 3
github.com/able8/snippetbox/cmd/web/templates.go:22.36,23.16 1 5
github.com/able8/snippetbox/cmd/web/templates.go:28.2,28.47 1 4
github.com/able8/snippetbox/cmd/web/templates.go:23.16,25.3 1 1
github.com/able8/snippetbox/cmd/web/templates.go:35.74,40.16 3 3
github.com/able8/snippetbox/cmd/web/templates.go:44.2,44.29 1 3
github.com/able8/snippetbox/cmd/web/templates.go:66.2,66.19 1 3
github.com/able8/snippetbox/cmd/web/templates.go:40.16,42.3 1 0
github.com/able8/snippetbox/cmd/web/templates.go:44.29,49.17 3 15
github.com/able8/snippetbox/cmd/web/templates.go:53.3,54.17 2 15
github.com/able8/snippetbox/cmd/web/templates.go:58.3,59.17 2 15
github.com/able8/snippetbox/cmd/web/templates.go:63.3,63.19 1 15
github.com/able8/snippetbox/cmd/web/templates.go:49.17,51.4 1 0
github.com/able8/snippetbox/cmd/web/templates.go:54.17,56.4 1 0
github.com/able8/snippetbox/cmd/web/templates.go:59.17,61.4 1 0
github.com/able8/snippetbox/cmd/web/handlers.go:13.51,15.2 1 1
github.com/able8/snippetbox/cmd/web/handlers.go:17.70,24.16 2 0
github.com/able8/snippetbox/cmd/web/handlers.go:30.2,32.4 1 0
github.com/able8/snippetbox/cmd/web/handlers.go:24.16,27.3 2 0
github.com/able8/snippetbox/cmd/web/handlers.go:35.77,39.26 2 5
github.com/able8/snippetbox/cmd/web/handlers.go:44.2,45.16 2 2
github.com/able8/snippetbox/cmd/web/handlers.go:58.2,60.4 1 1
github.com/able8/snippetbox/cmd/web/handlers.go:39.26,42.3 2 3
github.com/able8/snippetbox/cmd/web/handlers.go:45.16,46.41 1 1
github.com/able8/snippetbox/cmd/web/handlers.go:51.3,51.9 1 1
github.com/able8/snippetbox/cmd/web/handlers.go:46.41,48.4 1 1
github.com/able8/snippetbox/cmd/web/handlers.go:48.9,50.4 1 0
github.com/able8/snippetbox/cmd/web/handlers.go:63.83,68.2 1 0
github.com/able8/snippetbox/cmd/web/handlers.go:70.79,79.16 2 0
github.com/able8/snippetbox/cmd/web/handlers.go:86.2,92.19 5 0
github.com/able8/snippetbox/cmd/web/handlers.go:100.2,101.16 2 0
github.com/able8/snippetbox/cmd/web/handlers.go:107.2,108.74 2 0
github.com/able8/snippetbox/cmd/web/handlers.go:79.16,82.3 2 0
github.com/able8/snippetbox/cmd/web/handlers.go:92.19,95.3 2 0
github.com/able8/snippetbox/cmd/web/handlers.go:101.16,104.3 2 0
github.com/able8/snippetbox/cmd/web/handlers.go:111.80,115.2 1 1
github.com/able8/snippetbox/cmd/web/handlers.go:117.76,119.16 2 5
github.com/able8/snippetbox/cmd/web/handlers.go:125.2,133.19 7 5
github.com/able8/snippetbox/cmd/web/handlers.go:141.2,142.16 2 1
github.com/able8/snippetbox/cmd/web/handlers.go:152.2,155.57 2 1
github.com/able8/snippetbox/cmd/web/handlers.go:119.16,122.3 2 0
github.com/able8/snippetbox/cmd/web/handlers.go:133.19,138.3 2 4
github.com/able8/snippetbox/cmd/web/handlers.go:142.16,143.47 1 0
github.com/able8/snippetbox/cmd/web/handlers.go:149.3,149.9 1 0
github.com/able8/snippetbox/cmd/web/handlers.go:143.47,146.4 2 0
github.com/able8/snippetbox/cmd/web/handlers.go:146.9,148.4 1 0
github.com/able8/snippetbox/cmd/web/handlers.go:158.79,162.2 1 0
github.com/able8/snippetbox/cmd/web/handlers.go:164.75,166.16 2 0
github.com/able8/snippetbox/cmd/web/handlers.go:172.2,174.16 3 0
github.com/able8/snippetbox/cmd/web/handlers.go:185.2,186.61 2 0
github.com/able8/snippetbox/cmd/web/handlers.go:166.16,169.3 2 0
github.com/able8/snippetbox/cmd/web/handlers.go:174.16,175.51 1 0
github.com/able8/snippetbox/cmd/web/handlers.go:181.3,181.9 1 0
github.com/able8/snippetbox/cmd/web/handlers.go:175.51,178.4 2 0
github.com/able8/snippetbox/cmd/web/handlers.go:178.9,180.4 1 0
github.com/able8/snippetbox/cmd/web/handlers.go:189.76,195.2 3 0
github.com/able8/snippetbox/cmd/web/helpers.go:13.71,17.15 3 0
github.com/able8/snippetbox/cmd/web/helpers.go:22.2,22.96 1 0
github.com/able8/snippetbox/cmd/web/helpers.go:17.15,20.3 2 0
github.com/able8/snippetbox/cmd/web/helpers.go:25.72,27.2 1 4
github.com/able8/snippetbox/cmd/web/helpers.go:29.57,31.2 1 4
github.com/able8/snippetbox/cmd/web/helpers.go:36.89,37.15 1 6
github.com/able8/snippetbox/cmd/web/helpers.go:41.2,48.11 5 6
github.com/able8/snippetbox/cmd/web/helpers.go:37.15,39.3 1 0
github.com/able8/snippetbox/cmd/web/helpers.go:51.103,53.9 2 6
github.com/able8/snippetbox/cmd/web/helpers.go:59.2,64.16 3 6
github.com/able8/snippetbox/cmd/web/helpers.go:69.2,69.16 1 6
github.com/able8/snippetbox/cmd/web/helpers.go:53.9,56.3 2 0
github.com/able8/snippetbox/cmd/web/helpers.go:64.16,67.3 2 0
github.com/able8/snippetbox/cmd/web/helpers.go:73.63,76.9 2 6
github.com/able8/snippetbox/cmd/web/helpers.go:79.2,79.24 1 0
github.com/able8/snippetbox/cmd/web/helpers.go:76.9,78.3 1 6
github.com/able8/snippetbox/cmd/web/main.go:45.13,56.16 9 0
github.com/able8/snippetbox/cmd/web/main.go:60.2,64.16 3 0
github.com/able8/snippetbox/cmd/web/main.go:68.2,112.21 8 0
github.com/able8/snippetbox/cmd/web/main.go:56.16,58.3 1 0
github.com/able8/snippetbox/cmd/web/main.go:64.16,66.3 1 0
github.com/able8/snippetbox/cmd/web/main.go:115.42,117.16 2 0
github.com/able8/snippetbox/cmd/web/main.go:120.2,120.33 1 0
github.com/able8/snippetbox/cmd/web/main.go:123.2,124.16 2 0
github.com/able8/snippetbox/cmd/web/main.go:117.16,119.3 1 0
github.com/able8/snippetbox/cmd/web/main.go:120.33,122.3 1 0
github.com/able8/snippetbox/cmd/web/middleware.go:13.52,14.71 1 4
github.com/able8/snippetbox/cmd/web/middleware.go:14.71,19.3 3 16
github.com/able8/snippetbox/cmd/web/middleware.go:22.68,23.71 1 3
github.com/able8/snippetbox/cmd/web/middleware.go:23.71,27.3 2 15
github.com/able8/snippetbox/cmd/web/middleware.go:30.70,31.71 1 3
github.com/able8/snippetbox/cmd/web/middleware.go:31.71,34.16 1 15
github.com/able8/snippetbox/cmd/web/middleware.go:42.3,42.23 1 15
github.com/able8/snippetbox/cmd/web/middleware.go:34.16,36.36 1 15
github.com/able8/snippetbox/cmd/web/middleware.go:36.36,39.5 2 0
github.com/able8/snippetbox/cmd/web/middleware.go:46.79,47.71 1 9
github.com/able8/snippetbox/cmd/web/middleware.go:47.71,50.30 1 0
github.com/able8/snippetbox/cmd/web/middleware.go:56.3,59.23 2 0
github.com/able8/snippetbox/cmd/web/middleware.go:50.30,53.4 2 0
github.com/able8/snippetbox/cmd/web/middleware.go:66.45,75.2 3 27
github.com/able8/snippetbox/cmd/web/middleware.go:77.70,78.71 1 27
github.com/able8/snippetbox/cmd/web/middleware.go:78.71,81.14 2 11
github.com/able8/snippetbox/cmd/web/middleware.go:87.3,88.57 2 0
github.com/able8/snippetbox/cmd/web/middleware.go:100.3,101.40 2 0
github.com/able8/snippetbox/cmd/web/middleware.go:81.14,84.4 2 11
github.com/able8/snippetbox/cmd/web/middleware.go:88.57,92.4 3 0
github.com/able8/snippetbox/cmd/web/middleware.go:92.9,92.24 1 0
github.com/able8/snippetbox/cmd/web/middleware.go:92.24,95.4 2 0
